<?xml version="1.0" encoding="UTF-8"?>
<!-- Generated by org.testng.reporters.JUnitXMLReporter -->
<testsuite hostname="MBOVA1" name="Command line test" tests="4" failures="0" timestamp="4 Jul 2014 12:39:42 GMT" time="0.878" errors="0">
  <testcase name="saveMessage" time="0.073" classname="chapter01.hibernate.PersistenceTest"/>
  <testcase name="saveMessage" time="0.0010" classname="chapter01.jdbc.PersistenceTest"/>
  <testcase name="readMessage" time="0.149" classname="chapter01.hibernate.PersistenceTest"/>
  <testcase name="readMessage" time="0.0" classname="chapter01.jdbc.PersistenceTest"/>
</testsuite> <!-- Command line test -->
