<?xml version="1.0" encoding="UTF-8"?>
<testng-results skipped="0" failed="0" total="4" passed="4">
  <reporter-output>
  </reporter-output>
  <suite name="Command line suite" duration-ms="878" started-at="2014-07-04T12:39:41Z" finished-at="2014-07-04T12:39:42Z">
    <groups>
    </groups>
    <test name="Command line test" duration-ms="878" started-at="2014-07-04T12:39:41Z" finished-at="2014-07-04T12:39:42Z">
      <class name="chapter01.jdbc.PersistenceTest">
        <test-method status="PASS" signature="setup()[pri:0, instance:chapter01.jdbc.PersistenceTest@462ba11b]" name="setup" is-config="true" duration-ms="1129" started-at="2014-07-04T15:39:40Z" finished-at="2014-07-04T15:39:41Z">
          <reporter-output>
          </reporter-output>
        </test-method> <!-- setup -->
        <test-method status="PASS" signature="saveMessage()[pri:0, instance:chapter01.jdbc.PersistenceTest@462ba11b]" name="saveMessage" duration-ms="1" started-at="2014-07-04T15:39:42Z" finished-at="2014-07-04T15:39:42Z">
          <reporter-output>
          </reporter-output>
        </test-method> <!-- saveMessage -->
        <test-method status="PASS" signature="readMessage()[pri:0, instance:chapter01.jdbc.PersistenceTest@462ba11b]" name="readMessage" duration-ms="0" started-at="2014-07-04T15:39:42Z" depends-on-methods="chapter01.jdbc.PersistenceTest.saveMessage" finished-at="2014-07-04T15:39:42Z">
          <reporter-output>
          </reporter-output>
        </test-method> <!-- readMessage -->
      </class> <!-- chapter01.jdbc.PersistenceTest -->
      <class name="chapter01.hibernate.PersistenceTest">
        <test-method status="PASS" signature="setup()[pri:0, instance:chapter01.hibernate.PersistenceTest@630045eb]" name="setup" is-config="true" duration-ms="616" started-at="2014-07-04T15:39:41Z" finished-at="2014-07-04T15:39:42Z">
          <reporter-output>
          </reporter-output>
        </test-method> <!-- setup -->
        <test-method status="PASS" signature="saveMessage()[pri:0, instance:chapter01.hibernate.PersistenceTest@630045eb]" name="saveMessage" duration-ms="73" started-at="2014-07-04T15:39:42Z" finished-at="2014-07-04T15:39:42Z">
          <reporter-output>
          </reporter-output>
        </test-method> <!-- saveMessage -->
        <test-method status="PASS" signature="readMessage()[pri:0, instance:chapter01.hibernate.PersistenceTest@630045eb]" name="readMessage" duration-ms="149" started-at="2014-07-04T15:39:42Z" depends-on-methods="chapter01.hibernate.PersistenceTest.saveMessage" finished-at="2014-07-04T15:39:42Z">
          <reporter-output>
          </reporter-output>
        </test-method> <!-- readMessage -->
      </class> <!-- chapter01.hibernate.PersistenceTest -->
    </test> <!-- Command line test -->
  </suite> <!-- Command line suite -->
</testng-results>
